c:\users\emily.ryan\documents\physicsnew\physicsforgameslatest\physicsforgames\debug\vc140.pdb
c:\users\emily.ryan\documents\physicsnew\physicsforgameslatest\physicsforgames\debug\vc140.idb
c:\users\emily.ryan\documents\physicsnew\physicsforgameslatest\physicsforgames\debug\application.obj
c:\users\emily.ryan\documents\physicsnew\physicsforgameslatest\physicsforgames\debug\camera.obj
c:\users\emily.ryan\documents\physicsnew\physicsforgameslatest\physicsforgames\debug\diyphysicsscene.obj
c:\users\emily.ryan\documents\physicsnew\physicsforgameslatest\physicsforgames\debug\gizmos.obj
c:\users\emily.ryan\documents\physicsnew\physicsforgameslatest\physicsforgames\debug\main.obj
c:\users\emily.ryan\documents\physicsnew\physicsforgameslatest\physicsforgames\debug\particleemitter.obj
c:\users\emily.ryan\documents\physicsnew\physicsforgameslatest\physicsforgames\debug\particlefluidemitter.obj
c:\users\emily.ryan\documents\physicsnew\physicsforgameslatest\physicsforgames\debug\physics.obj
c:\users\emily.ryan\documents\physicsnew\physicsforgameslatest\physicsforgames\debug\physicsobject.obj
c:\users\emily.ryan\documents\physicsnew\physicsforgameslatest\physicsforgames\debug\plane.obj
c:\users\emily.ryan\documents\physicsnew\physicsforgameslatest\physicsforgames\debug\renderer.obj
c:\users\emily.ryan\documents\physicsnew\physicsforgameslatest\physicsforgames\debug\rigidbody.obj
c:\users\emily.ryan\documents\physicsnew\physicsforgameslatest\physicsforgames\debug\sphere.obj
c:\users\emily.ryan\documents\physicsnew\physicsforgameslatest\physicsforgames\debug\springjoint.obj
c:\users\emily.ryan\documents\physicsnew\physicsforgameslatest\physicsforgames\debug\gl_core_4_4.obj
c:\users\emily.ryan\documents\physicsnew\physicsforgameslatest\debug\physicsforgames.ilk
c:\users\emily.ryan\documents\physicsnew\physicsforgameslatest\debug\physicsforgames.exe
c:\users\emily.ryan\documents\physicsnew\physicsforgameslatest\debug\physicsforgames.pdb
c:\users\emily.ryan\documents\physicsnew\physicsforgameslatest\physicsforgames\debug\physicsforgames.tlog\cl.command.1.tlog
c:\users\emily.ryan\documents\physicsnew\physicsforgameslatest\physicsforgames\debug\physicsforgames.tlog\cl.read.1.tlog
c:\users\emily.ryan\documents\physicsnew\physicsforgameslatest\physicsforgames\debug\physicsforgames.tlog\cl.write.1.tlog
c:\users\emily.ryan\documents\physicsnew\physicsforgameslatest\physicsforgames\debug\physicsforgames.tlog\link.command.1.tlog
c:\users\emily.ryan\documents\physicsnew\physicsforgameslatest\physicsforgames\debug\physicsforgames.tlog\link.read.1.tlog
c:\users\emily.ryan\documents\physicsnew\physicsforgameslatest\physicsforgames\debug\physicsforgames.tlog\link.write.1.tlog
